<?xml version="1.0" encoding="UTF-8"?>
<testng-results ignored="0" total="2" passed="2" failed="0" skipped="0">
  <reporter-output>
  </reporter-output>
  <suite started-at="2022-10-17T09:31:48 IST" name="Suite" finished-at="2022-10-17T09:32:15 IST" duration-ms="26408">
    <groups>
    </groups>
    <test started-at="2022-10-17T09:31:48 IST" name="Test" finished-at="2022-10-17T09:32:15 IST" duration-ms="26408">
      <class name="akitochalam.RemoteWebDriver.RemoteFirefox">
        <test-method signature="InitiateFirefox()[pri:0, instance:akitochalam.RemoteWebDriver.RemoteFirefox@27462a88]" started-at="2022-10-17T09:31:48 IST" name="InitiateFirefox" finished-at="2022-10-17T09:32:00 IST" duration-ms="11664" status="PASS">
          <reporter-output>
          </reporter-output>
        </test-method> <!-- InitiateFirefox -->
      </class> <!-- akitochalam.RemoteWebDriver.RemoteFirefox -->
      <class name="akitochalam.RemoteWebDriver.RemoteChrome">
        <test-method signature="InitiateChrome()[pri:0, instance:akitochalam.RemoteWebDriver.RemoteChrome@6404f418]" started-at="2022-10-17T09:31:48 IST" name="InitiateChrome" finished-at="2022-10-17T09:32:15 IST" duration-ms="26372" status="PASS">
          <reporter-output>
          </reporter-output>
        </test-method> <!-- InitiateChrome -->
      </class> <!-- akitochalam.RemoteWebDriver.RemoteChrome -->
    </test> <!-- Test -->
  </suite> <!-- Suite -->
</testng-results>
